<?xml version="1.0" encoding="UTF-8"?>
<!-- Generated by org.testng.reporters.JUnitReportReporter -->
<testsuite hostname="DESKTOP-6NJPQJ2" failures="0" tests="1" name="driverFactory.AppTest" time="77.326" errors="0" timestamp="2023-12-22T16:11:38 IST" skipped="0">
  <testcase classname="driverFactory.AppTest" name="kickstart" time="77.326">
    <system-out>
      <![CDATA[Mobiles    Large apliancee
Stock-000000032     Stock-000000032
Supplier-00000000666     Supplier-00000000666
Customer-00000000207     Customer-00000000207]]>
    </system-out>
  </testcase> <!-- kickstart -->
  <system-out>
    <![CDATA[Mobiles    Large apliancee
Stock-000000032     Stock-000000032
Supplier-00000000666     Supplier-00000000666
Customer-00000000207     Customer-00000000207]]>
  </system-out>
</testsuite> <!-- driverFactory.AppTest -->
